[  674982ms] [ERROR] Failed to load resource: the server responded with a status of 401 () @ https://typo3-inst.localhost/typo3/ajax/system-information/render?token=b3be2468e099339d3faf8c013a1ea9694adb13d5b86c55e2aa83205860da85ed&skipSessionUpdate=1:0
[  675153ms] o
[  975496ms] [ERROR] Failed to load resource: the server responded with a status of 401 () @ https://typo3-inst.localhost/typo3/ajax/system-information/render?token=b3be2468e099339d3faf8c013a1ea9694adb13d5b86c55e2aa83205860da85ed&skipSessionUpdate=1:0
[  975508ms] o
[ 1275685ms] [ERROR] Failed to load resource: the server responded with a status of 401 () @ https://typo3-inst.localhost/typo3/ajax/system-information/render?token=b3be2468e099339d3faf8c013a1ea9694adb13d5b86c55e2aa83205860da85ed&skipSessionUpdate=1:0
[ 1275707ms] o
[ 1575807ms] [ERROR] Failed to load resource: the server responded with a status of 401 () @ https://typo3-inst.localhost/typo3/ajax/system-information/render?token=b3be2468e099339d3faf8c013a1ea9694adb13d5b86c55e2aa83205860da85ed&skipSessionUpdate=1:0
[ 1575815ms] o
[ 1876034ms] [ERROR] Failed to load resource: the server responded with a status of 401 () @ https://typo3-inst.localhost/typo3/ajax/system-information/render?token=b3be2468e099339d3faf8c013a1ea9694adb13d5b86c55e2aa83205860da85ed&skipSessionUpdate=1:0
[ 1876039ms] o
[ 2177459ms] [ERROR] Failed to load resource: the server responded with a status of 401 () @ https://typo3-inst.localhost/typo3/ajax/system-information/render?token=b3be2468e099339d3faf8c013a1ea9694adb13d5b86c55e2aa83205860da85ed&skipSessionUpdate=1:0
[ 2177511ms] o
[ 2478233ms] [ERROR] Failed to load resource: the server responded with a status of 401 () @ https://typo3-inst.localhost/typo3/ajax/system-information/render?token=b3be2468e099339d3faf8c013a1ea9694adb13d5b86c55e2aa83205860da85ed&skipSessionUpdate=1:0
[ 2478263ms] o
[ 2778780ms] [ERROR] Failed to load resource: the server responded with a status of 401 () @ https://typo3-inst.localhost/typo3/ajax/system-information/render?token=b3be2468e099339d3faf8c013a1ea9694adb13d5b86c55e2aa83205860da85ed&skipSessionUpdate=1:0
[ 2778799ms] o
[ 3079682ms] [ERROR] Failed to load resource: the server responded with a status of 401 () @ https://typo3-inst.localhost/typo3/ajax/system-information/render?token=b3be2468e099339d3faf8c013a1ea9694adb13d5b86c55e2aa83205860da85ed&skipSessionUpdate=1:0
[ 3079716ms] o
[ 3382110ms] [ERROR] Failed to load resource: the server responded with a status of 401 () @ https://typo3-inst.localhost/typo3/ajax/system-information/render?token=b3be2468e099339d3faf8c013a1ea9694adb13d5b86c55e2aa83205860da85ed&skipSessionUpdate=1:0
[ 3382179ms] o
[ 3682402ms] [ERROR] Failed to load resource: the server responded with a status of 401 () @ https://typo3-inst.localhost/typo3/ajax/system-information/render?token=b3be2468e099339d3faf8c013a1ea9694adb13d5b86c55e2aa83205860da85ed&skipSessionUpdate=1:0
[ 3682419ms] o
[ 4026419ms] [ERROR] Failed to load resource: the server responded with a status of 401 () @ https://typo3-inst.localhost/typo3/ajax/system-information/render?token=b3be2468e099339d3faf8c013a1ea9694adb13d5b86c55e2aa83205860da85ed&skipSessionUpdate=1:0
[ 4026515ms] o
[ 4327938ms] [ERROR] Failed to load resource: the server responded with a status of 401 () @ https://typo3-inst.localhost/typo3/ajax/system-information/render?token=b3be2468e099339d3faf8c013a1ea9694adb13d5b86c55e2aa83205860da85ed&skipSessionUpdate=1:0
[ 4327994ms] o
[ 4628902ms] [ERROR] Failed to load resource: the server responded with a status of 401 () @ https://typo3-inst.localhost/typo3/ajax/system-information/render?token=b3be2468e099339d3faf8c013a1ea9694adb13d5b86c55e2aa83205860da85ed&skipSessionUpdate=1:0
[ 4628930ms] o
[ 4930170ms] [ERROR] Failed to load resource: the server responded with a status of 401 () @ https://typo3-inst.localhost/typo3/ajax/system-information/render?token=b3be2468e099339d3faf8c013a1ea9694adb13d5b86c55e2aa83205860da85ed&skipSessionUpdate=1:0
[ 4930203ms] o
[ 5230984ms] [ERROR] Failed to load resource: the server responded with a status of 401 () @ https://typo3-inst.localhost/typo3/ajax/system-information/render?token=b3be2468e099339d3faf8c013a1ea9694adb13d5b86c55e2aa83205860da85ed&skipSessionUpdate=1:0
[ 5231000ms] o
[ 5531567ms] [ERROR] Failed to load resource: the server responded with a status of 401 () @ https://typo3-inst.localhost/typo3/ajax/system-information/render?token=b3be2468e099339d3faf8c013a1ea9694adb13d5b86c55e2aa83205860da85ed&skipSessionUpdate=1:0
[ 5531580ms] o
[ 5831931ms] [ERROR] Failed to load resource: the server responded with a status of 401 () @ https://typo3-inst.localhost/typo3/ajax/system-information/render?token=b3be2468e099339d3faf8c013a1ea9694adb13d5b86c55e2aa83205860da85ed&skipSessionUpdate=1:0
[ 5831955ms] o
[ 6132709ms] [ERROR] Failed to load resource: the server responded with a status of 401 () @ https://typo3-inst.localhost/typo3/ajax/system-information/render?token=b3be2468e099339d3faf8c013a1ea9694adb13d5b86c55e2aa83205860da85ed&skipSessionUpdate=1:0
[ 6132733ms] o
[ 6432917ms] [ERROR] Failed to load resource: the server responded with a status of 401 () @ https://typo3-inst.localhost/typo3/ajax/system-information/render?token=b3be2468e099339d3faf8c013a1ea9694adb13d5b86c55e2aa83205860da85ed&skipSessionUpdate=1:0
[ 6432929ms] o
[ 6735145ms] [ERROR] Failed to load resource: the server responded with a status of 401 () @ https://typo3-inst.localhost/typo3/ajax/system-information/render?token=b3be2468e099339d3faf8c013a1ea9694adb13d5b86c55e2aa83205860da85ed&skipSessionUpdate=1:0
[ 6735367ms] o
[ 7035968ms] [ERROR] Failed to load resource: the server responded with a status of 401 () @ https://typo3-inst.localhost/typo3/ajax/system-information/render?token=b3be2468e099339d3faf8c013a1ea9694adb13d5b86c55e2aa83205860da85ed&skipSessionUpdate=1:0
[ 7035996ms] o
[ 7337032ms] [ERROR] Failed to load resource: the server responded with a status of 401 () @ https://typo3-inst.localhost/typo3/ajax/system-information/render?token=b3be2468e099339d3faf8c013a1ea9694adb13d5b86c55e2aa83205860da85ed&skipSessionUpdate=1:0
[ 7337054ms] o
[ 7637882ms] [ERROR] Failed to load resource: the server responded with a status of 401 () @ https://typo3-inst.localhost/typo3/ajax/system-information/render?token=b3be2468e099339d3faf8c013a1ea9694adb13d5b86c55e2aa83205860da85ed&skipSessionUpdate=1:0
[ 7637900ms] o
[ 7938542ms] [ERROR] Failed to load resource: the server responded with a status of 401 () @ https://typo3-inst.localhost/typo3/ajax/system-information/render?token=b3be2468e099339d3faf8c013a1ea9694adb13d5b86c55e2aa83205860da85ed&skipSessionUpdate=1:0
[ 7938589ms] o
[ 8238803ms] [ERROR] Failed to load resource: the server responded with a status of 401 () @ https://typo3-inst.localhost/typo3/ajax/system-information/render?token=b3be2468e099339d3faf8c013a1ea9694adb13d5b86c55e2aa83205860da85ed&skipSessionUpdate=1:0
[ 8238813ms] o
[ 8539202ms] [ERROR] Failed to load resource: the server responded with a status of 401 () @ https://typo3-inst.localhost/typo3/ajax/system-information/render?token=b3be2468e099339d3faf8c013a1ea9694adb13d5b86c55e2aa83205860da85ed&skipSessionUpdate=1:0
[ 8539247ms] o
[ 8839407ms] [ERROR] Failed to load resource: the server responded with a status of 401 () @ https://typo3-inst.localhost/typo3/ajax/system-information/render?token=b3be2468e099339d3faf8c013a1ea9694adb13d5b86c55e2aa83205860da85ed&skipSessionUpdate=1:0
[ 8839431ms] o
[ 9140066ms] [ERROR] Failed to load resource: the server responded with a status of 401 () @ https://typo3-inst.localhost/typo3/ajax/system-information/render?token=b3be2468e099339d3faf8c013a1ea9694adb13d5b86c55e2aa83205860da85ed&skipSessionUpdate=1:0
[ 9140088ms] o
[ 9440238ms] [ERROR] Failed to load resource: the server responded with a status of 401 () @ https://typo3-inst.localhost/typo3/ajax/system-information/render?token=b3be2468e099339d3faf8c013a1ea9694adb13d5b86c55e2aa83205860da85ed&skipSessionUpdate=1:0
[ 9440253ms] o
[ 9740517ms] [ERROR] Failed to load resource: the server responded with a status of 401 () @ https://typo3-inst.localhost/typo3/ajax/system-information/render?token=b3be2468e099339d3faf8c013a1ea9694adb13d5b86c55e2aa83205860da85ed&skipSessionUpdate=1:0
[ 9740532ms] o
[10040750ms] [ERROR] Failed to load resource: the server responded with a status of 401 () @ https://typo3-inst.localhost/typo3/ajax/system-information/render?token=b3be2468e099339d3faf8c013a1ea9694adb13d5b86c55e2aa83205860da85ed&skipSessionUpdate=1:0
[10040762ms] o
[10340865ms] [ERROR] Failed to load resource: the server responded with a status of 401 () @ https://typo3-inst.localhost/typo3/ajax/system-information/render?token=b3be2468e099339d3faf8c013a1ea9694adb13d5b86c55e2aa83205860da85ed&skipSessionUpdate=1:0
[10340949ms] o
[10641115ms] [ERROR] Failed to load resource: the server responded with a status of 401 () @ https://typo3-inst.localhost/typo3/ajax/system-information/render?token=b3be2468e099339d3faf8c013a1ea9694adb13d5b86c55e2aa83205860da85ed&skipSessionUpdate=1:0
[10641138ms] o
[10941372ms] [ERROR] Failed to load resource: the server responded with a status of 401 () @ https://typo3-inst.localhost/typo3/ajax/system-information/render?token=b3be2468e099339d3faf8c013a1ea9694adb13d5b86c55e2aa83205860da85ed&skipSessionUpdate=1:0
[10941387ms] o
[11241555ms] [ERROR] Failed to load resource: the server responded with a status of 401 () @ https://typo3-inst.localhost/typo3/ajax/system-information/render?token=b3be2468e099339d3faf8c013a1ea9694adb13d5b86c55e2aa83205860da85ed&skipSessionUpdate=1:0
[11241570ms] o
[11542298ms] [ERROR] Failed to load resource: the server responded with a status of 401 () @ https://typo3-inst.localhost/typo3/ajax/system-information/render?token=b3be2468e099339d3faf8c013a1ea9694adb13d5b86c55e2aa83205860da85ed&skipSessionUpdate=1:0
[11542361ms] o
[11843194ms] [ERROR] Failed to load resource: the server responded with a status of 401 () @ https://typo3-inst.localhost/typo3/ajax/system-information/render?token=b3be2468e099339d3faf8c013a1ea9694adb13d5b86c55e2aa83205860da85ed&skipSessionUpdate=1:0
[11843249ms] o
